# JRE version: Java(TM) SE Runtime Environment (8.0_321-b07) (build 1.8.0_321-b07)
# Java VM: Java HotSpot(TM) 64-Bit Server VM (25.321-b07 mixed mode windows-amd64 compressed oops)
Heap:
 PSYoungGen      total 140288K, used 21982K [0x000000076bb80000, 0x000000077a500000, 0x00000007c0000000)
  eden space 130048K, 9% used [0x000000076bb80000,0x000000076c6fb8e8,0x0000000773a80000)
  from space 10240K, 99% used [0x0000000779b00000,0x000000077a4fbf20,0x000000077a500000)
  to   space 10752K, 0% used [0x0000000773a80000,0x0000000773a80000,0x0000000774500000)
 ParOldGen       total 90624K, used 9107K [0x00000006c3200000, 0x00000006c8a80000, 0x000000076bb80000)
  object space 90624K, 10% used [0x00000006c3200000,0x00000006c3ae4c48,0x00000006c8a80000)
 Metaspace       used 30923K, capacity 33108K, committed 33408K, reserved 1079296K
  class space    used 3994K, capacity 4392K, committed 4480K, reserved 1048576K
GC Heap History (10 events):
Event: 1.359 GC heap before
{Heap before GC invocations=3 (full 0):
 PSYoungGen      total 75776K, used 72000K [0x000000076bb80000, 0x0000000771000000, 0x00000007c0000000)
  eden space 65024K, 100% used [0x000000076bb80000,0x000000076fb00000,0x000000076fb00000)
  from space 10752K, 64% used [0x0000000770580000,0x0000000770c50258,0x0000000771000000)
  to   space 10752K, 0% used [0x000000076fb00000,0x000000076fb00000,0x0000000770580000)
 ParOldGen       total 173568K, used 24K [0x00000006c3200000, 0x00000006cdb80000, 0x000000076bb80000)
  object space 173568K, 0% used [0x00000006c3200000,0x00000006c3206000,0x00000006cdb80000)
 Metaspace       used 18009K, capacity 19540K, committed 19712K, reserved 1067008K
  class space    used 2398K, capacity 2698K, committed 2816K, reserved 1048576K
Event: 1.363 GC heap after
Heap after GC invocations=3 (full 0):
 PSYoungGen      total 75776K, used 7926K [0x000000076bb80000, 0x0000000774f80000, 0x00000007c0000000)
  eden space 65024K, 0% used [0x000000076bb80000,0x000000076bb80000,0x000000076fb00000)
  from space 10752K, 73% used [0x000000076fb00000,0x00000007702bda60,0x0000000770580000)
  to   space 10752K, 0% used [0x0000000774500000,0x0000000774500000,0x0000000774f80000)
 ParOldGen       total 173568K, used 32K [0x00000006c3200000, 0x00000006cdb80000, 0x000000076bb80000)
  object space 173568K, 0% used [0x00000006c3200000,0x00000006c3208000,0x00000006cdb80000)
 Metaspace       used 18009K, capacity 19540K, committed 19712K, reserved 1067008K
  class space    used 2398K, capacity 2698K, committed 2816K, reserved 1048576K
}
Event: 1.402 GC heap before
{Heap before GC invocations=4 (full 0):
 PSYoungGen      total 75776K, used 26750K [0x000000076bb80000, 0x0000000774f80000, 0x00000007c0000000)
  eden space 65024K, 28% used [0x000000076bb80000,0x000000076cde20d0,0x000000076fb00000)
  from space 10752K, 73% used [0x000000076fb00000,0x00000007702bda60,0x0000000770580000)
  to   space 10752K, 0% used [0x0000000774500000,0x0000000774500000,0x0000000774f80000)
 ParOldGen       total 173568K, used 32K [0x00000006c3200000, 0x00000006cdb80000, 0x000000076bb80000)
  object space 173568K, 0% used [0x00000006c3200000,0x00000006c3208000,0x00000006cdb80000)
 Metaspace       used 19602K, capacity 21174K, committed 21296K, reserved 1067008K
  class space    used 2581K, capacity 2879K, committed 2944K, reserved 1048576K
Event: 1.406 GC heap after
Heap after GC invocations=4 (full 0):
 PSYoungGen      total 140800K, used 7142K [0x000000076bb80000, 0x0000000774f80000, 0x00000007c0000000)
  eden space 130048K, 0% used [0x000000076bb80000,0x000000076bb80000,0x0000000773a80000)
  from space 10752K, 66% used [0x0000000774500000,0x0000000774bf9958,0x0000000774f80000)
  to   space 10752K, 0% used [0x0000000773a80000,0x0000000773a80000,0x0000000774500000)
 ParOldGen       total 173568K, used 40K [0x00000006c3200000, 0x00000006cdb80000, 0x000000076bb80000)
  object space 173568K, 0% used [0x00000006c3200000,0x00000006c320a000,0x00000006cdb80000)
 Metaspace       used 19602K, capacity 21174K, committed 21296K, reserved 1067008K
  class space    used 2581K, capacity 2879K, committed 2944K, reserved 1048576K
}
Event: 1.406 GC heap before
{Heap before GC invocations=5 (full 1):
 PSYoungGen      total 140800K, used 7142K [0x000000076bb80000, 0x0000000774f80000, 0x00000007c0000000)
  eden space 130048K, 0% used [0x000000076bb80000,0x000000076bb80000,0x0000000773a80000)
  from space 10752K, 66% used [0x0000000774500000,0x0000000774bf9958,0x0000000774f80000)
  to   space 10752K, 0% used [0x0000000773a80000,0x0000000773a80000,0x0000000774500000)
 ParOldGen       total 173568K, used 40K [0x00000006c3200000, 0x00000006cdb80000, 0x000000076bb80000)
  object space 173568K, 0% used [0x00000006c3200000,0x00000006c320a000,0x00000006cdb80000)
 Metaspace       used 19602K, capacity 21174K, committed 21296K, reserved 1067008K
  class space    used 2581K, capacity 2879K, committed 2944K, reserved 1048576K
Event: 1.424 GC heap after
Heap after GC invocations=5 (full 1):
 PSYoungGen      total 140800K, used 0K [0x000000076bb80000, 0x0000000774f80000, 0x00000007c0000000)
  eden space 130048K, 0% used [0x000000076bb80000,0x000000076bb80000,0x0000000773a80000)
  from space 10752K, 0% used [0x0000000774500000,0x0000000774500000,0x0000000774f80000)
  to   space 10752K, 0% used [0x0000000773a80000,0x0000000773a80000,0x0000000774500000)
 ParOldGen       total 90624K, used 6894K [0x00000006c3200000, 0x00000006c8a80000, 0x000000076bb80000)
  object space 90624K, 7% used [0x00000006c3200000,0x00000006c38bb978,0x00000006c8a80000)
 Metaspace       used 19602K, capacity 21174K, committed 21296K, reserved 1067008K
  class space    used 2581K, capacity 2879K, committed 2944K, reserved 1048576K
}
Event: 2.205 GC heap before
{Heap before GC invocations=6 (full 1):
 PSYoungGen      total 140800K, used 130048K [0x000000076bb80000, 0x0000000774f80000, 0x00000007c0000000)
  eden space 130048K, 100% used [0x000000076bb80000,0x0000000773a80000,0x0000000773a80000)
  from space 10752K, 0% used [0x0000000774500000,0x0000000774500000,0x0000000774f80000)
  to   space 10752K, 0% used [0x0000000773a80000,0x0000000773a80000,0x0000000774500000)
 ParOldGen       total 90624K, used 6894K [0x00000006c3200000, 0x00000006c8a80000, 0x000000076bb80000)
  object space 90624K, 7% used [0x00000006c3200000,0x00000006c38bb978,0x00000006c8a80000)
 Metaspace       used 26243K, capacity 28122K, committed 28416K, reserved 1073152K
  class space    used 3421K, capacity 3787K, committed 3840K, reserved 1048576K
Event: 2.211 GC heap after
Heap after GC invocations=6 (full 1):
 PSYoungGen      total 140800K, used 10244K [0x000000076bb80000, 0x000000077a500000, 0x00000007c0000000)
  eden space 130048K, 0% used [0x000000076bb80000,0x000000076bb80000,0x0000000773a80000)
  from space 10752K, 95% used [0x0000000773a80000,0x00000007744811a8,0x0000000774500000)
  to   space 10240K, 0% used [0x0000000779b00000,0x0000000779b00000,0x000000077a500000)
 ParOldGen       total 90624K, used 6902K [0x00000006c3200000, 0x00000006c8a80000, 0x000000076bb80000)
  object space 90624K, 7% used [0x00000006c3200000,0x00000006c38bd978,0x00000006c8a80000)
 Metaspace       used 26243K, capacity 28122K, committed 28416K, reserved 1073152K
  class space    used 3421K, capacity 3787K, committed 3840K, reserved 1048576K
}
Event: 3.118 GC heap before
{Heap before GC invocations=7 (full 1):
 PSYoungGen      total 140800K, used 140292K [0x000000076bb80000, 0x000000077a500000, 0x00000007c0000000)
  eden space 130048K, 100% used [0x000000076bb80000,0x0000000773a80000,0x0000000773a80000)
  from space 10752K, 95% used [0x0000000773a80000,0x00000007744811a8,0x0000000774500000)
  to   space 10240K, 0% used [0x0000000779b00000,0x0000000779b00000,0x000000077a500000)
 ParOldGen       total 90624K, used 6902K [0x00000006c3200000, 0x00000006c8a80000, 0x000000076bb80000)
  object space 90624K, 7% used [0x00000006c3200000,0x00000006c38bd978,0x00000006c8a80000)
 Metaspace       used 30437K, capacity 32592K, committed 32768K, reserved 1077248K
  class space    used 3935K, capacity 4328K, committed 4352K, reserved 1048576K
Event: 3.134 GC heap after
Heap after GC invocations=7 (full 1):
 PSYoungGen      total 140288K, used 10223K [0x000000076bb80000, 0x000000077a500000, 0x00000007c0000000)
  eden space 130048K, 0% used [0x000000076bb80000,0x000000076bb80000,0x0000000773a80000)
  from space 10240K, 99% used [0x0000000779b00000,0x000000077a4fbf20,0x000000077a500000)
  to   space 10752K, 0% used [0x0000000773a80000,0x0000000773a80000,0x0000000774500000)
 ParOldGen       total 90624K, used 9107K [0x00000006c3200000, 0x00000006c8a80000, 0x000000076bb80000)
  object space 90624K, 10% used [0x00000006c3200000,0x00000006c3ae4c48,0x00000006c8a80000)
 Metaspace       used 30437K, capacity 32592K, committed 32768K, reserved 1077248K
  class space    used 3935K, capacity 4328K, committed 4352K, reserved 1048576K
}

